[debug] [2026-07-17T19:15:45.847Z] ----------------------------------------------------------------------
[debug] [2026-07-17T19:15:45.853Z] Command:       /Users/satyamsovan123/.nvm/versions/node/v24.12.0/bin/node /Users/satyamsovan123/.nvm/versions/node/v24.12.0/bin/firebase init
[debug] [2026-07-17T19:15:45.853Z] CLI Version:   15.24.0
[debug] [2026-07-17T19:15:45.853Z] Platform:      darwin
[debug] [2026-07-17T19:15:45.853Z] Node Version:  v24.12.0
[debug] [2026-07-17T19:15:45.853Z] Detected Agent: unknown
[debug] [2026-07-17T19:15:45.853Z] Time:          Sat Jul 18 2026 00:45:45 GMT+0530 (India Standard Time)
[debug] [2026-07-17T19:15:45.853Z] ----------------------------------------------------------------------
[debug] 
[debug] [2026-07-17T19:15:45.873Z] >>> [apiv2][query] GET https://firebase-public.firebaseio.com/cli.json [none]
[info] 
     ######## #### ########  ######## ########     ###     ######  ########
     ##        ##  ##     ## ##       ##     ##  ##   ##  ##       ##
     ######    ##  ########  ######   ########  #########  ######  ######
     ##        ##  ##    ##  ##       ##     ## ##     ##       ## ##
     ##       #### ##     ## ######## ########  ##     ##  ######  ########

You're about to initialize a Firebase project in this directory:

  /Users/satyamsovan123/Desktop/whtsnyr.me/whtsnyr-me-ui

[debug] [2026-07-17T19:15:47.307Z] <<< [apiv2][status] GET https://firebase-public.firebaseio.com/cli.json 200
[debug] [2026-07-17T19:15:47.307Z] <<< [apiv2][body] GET https://firebase-public.firebaseio.com/cli.json {"cloudBuildErrorAfter":1594252800000,"cloudBuildWarnAfter":1590019200000,"defaultNode10After":1594252800000,"minVersion":"3.0.5","node8DeploysDisabledAfter":1613390400000,"node8RuntimeDisabledAfter":1615809600000,"node8WarnAfter":1600128000000}
[info] 
=== Project Setup
[info] 
[info] First, let's associate this project directory with a Firebase project.
[info] You can create multiple project aliases by running firebase use --add, 
[info] 
[debug] [2026-07-17T19:16:22.113Z] > command requires scopes: ["email","openid","https://www.googleapis.com/auth/cloudplatformprojects.readonly","https://www.googleapis.com/auth/firebase","https://www.googleapis.com/auth/cloud-platform"]
[debug] [2026-07-17T19:16:22.114Z] > authorizing via signed-in user (msatyamsovan@gmail.com)
[debug] [2026-07-17T19:16:22.115Z] Checked if tokens are valid: false, expires at: 1774349512610
[debug] [2026-07-17T19:16:22.115Z] Checked if tokens are valid: false, expires at: 1774349512610
[debug] [2026-07-17T19:16:22.116Z] > refreshing access token with scopes: []
[debug] [2026-07-17T19:16:22.117Z] >>> [apiv2][query] POST https://www.googleapis.com/oauth2/v3/token [none]
[debug] [2026-07-17T19:16:22.117Z] >>> [apiv2][body] POST https://www.googleapis.com/oauth2/v3/token [omitted]
[debug] [2026-07-17T19:16:22.360Z] <<< [apiv2][status] POST https://www.googleapis.com/oauth2/v3/token 200
[debug] [2026-07-17T19:16:22.361Z] <<< [apiv2][body] POST https://www.googleapis.com/oauth2/v3/token [omitted]
[debug] [2026-07-17T19:16:22.376Z] >>> [apiv2][query] GET https://firebase.googleapis.com/v1beta1/projects pageSize=100
[debug] [2026-07-17T19:16:23.622Z] <<< [apiv2][status] GET https://firebase.googleapis.com/v1beta1/projects 200
[debug] [2026-07-17T19:16:23.622Z] <<< [apiv2][body] GET https://firebase.googleapis.com/v1beta1/projects [omitted]
[info] 
=== Hosting Setup
[debug] [2026-07-17T19:16:31.237Z] Checked if tokens are valid: true, expires at: 1784319381361
[debug] [2026-07-17T19:16:31.237Z] Checked if tokens are valid: true, expires at: 1784319381361
[debug] [2026-07-17T19:16:31.237Z] >>> [apiv2][query] GET https://firebase.googleapis.com/v1beta1/projects/whtsnyr-me [none]
[debug] [2026-07-17T19:16:31.957Z] <<< [apiv2][status] GET https://firebase.googleapis.com/v1beta1/projects/whtsnyr-me 200
[debug] [2026-07-17T19:16:31.957Z] <<< [apiv2][body] GET https://firebase.googleapis.com/v1beta1/projects/whtsnyr-me {"projectId":"whtsnyr-me","projectNumber":"1061904127814","displayName":"whtsnyr-me","name":"projects/whtsnyr-me","resources":{"hostingSite":"whtsnyr-me"},"state":"ACTIVE","labels":{"firebase":"enabled"},"etag":"1_1f93938d-b874-4247-90c5-ed8b2b0d05ee"}
[info] 
[info] Your public directory is the folder (relative to your project directory) that
[info] will contain Hosting assets to be uploaded with firebase deploy. If you
[info] have a build process for your assets, use your build's output directory.
[info] 
